This file contains any messages produced by compilers while
running configure, to aid debugging if configure makes a mistake.

It was created by Atari800 configure 2.0.3, which was
generated by GNU Autoconf 2.61.  Invocation command line was

  $ ./configure --target sdl

## --------- ##
## Platform. ##
## --------- ##

hostname = galaga.zerostatus.com
uname -m = i686
uname -r = 2.4.20-30.9
uname -s = Linux
uname -v = #1 Wed Feb 4 20:44:26 EST 2004

/usr/bin/uname -p = unknown
/bin/uname -X     = unknown

/bin/arch              = i686
/usr/bin/arch -k       = unknown
/usr/convex/getsysinfo = unknown
/usr/bin/hostinfo      = unknown
/bin/machine           = unknown
/usr/bin/oslevel       = unknown
/bin/universe          = unknown

PATH: /usr/kerberos/bin
PATH: /usr/local/bin
PATH: /bin
PATH: /usr/bin
PATH: /usr/X11R6/bin
PATH: /usr/java/jdk1.5.0_10/bin
PATH: /usr/ant/bin
PATH: /home/csmith/bin
PATH: /home/csmith/bin/scripts


## ----------- ##
## Core tests. ##
## ----------- ##

configure:1836: checking build system type
configure:1854: result: i686-pc-linux-gnu
configure:1876: checking host system type
configure:1891: result: i686-pc-linux-gnu
configure:2081: checking for gcc
configure:2097: found /usr/bin/gcc
configure:2108: result: gcc
configure:2346: checking for C compiler version
configure:2353: gcc --version >&5
gcc (GCC) 3.2.2 20030222 (Red Hat Linux 3.2.2-5)
Copyright (C) 2002 Free Software Foundation, Inc.
This is free software; see the source for copying conditions.  There is NO
warranty; not even for MERCHANTABILITY or FITNESS FOR A PARTICULAR PURPOSE.

configure:2356: $? = 0
configure:2363: gcc -v >&5
Reading specs from /usr/lib/gcc-lib/i386-redhat-linux/3.2.2/specs
Configured with: ../configure --prefix=/usr --mandir=/usr/share/man --infodir=/usr/share/info --enable-shared --enable-threads=posix --disable-checking --with-system-zlib --enable-__cxa_atexit --host=i386-redhat-linux
Thread model: posix
gcc version 3.2.2 20030222 (Red Hat Linux 3.2.2-5)
configure:2366: $? = 0
configure:2373: gcc -V >&5
gcc: argument to `-V' is missing
configure:2376: $? = 1
configure:2399: checking for C compiler default output file name
configure:2426: gcc -O2 -Wall  -s conftest.c  >&5
configure:2429: $? = 0
configure:2467: result: a.out
configure:2484: checking whether the C compiler works
configure:2494: ./a.out
configure:2497: $? = 0
configure:2514: result: yes
configure:2521: checking whether we are cross compiling
configure:2523: result: no
configure:2526: checking for suffix of executables
configure:2533: gcc -o conftest -O2 -Wall  -s conftest.c  >&5
configure:2536: $? = 0
configure:2560: result: 
configure:2566: checking for suffix of object files
configure:2592: gcc -c -O2 -Wall  conftest.c >&5
configure:2595: $? = 0
configure:2618: result: o
configure:2622: checking whether we are using the GNU C compiler
configure:2651: gcc -c -O2 -Wall  conftest.c >&5
configure:2657: $? = 0
configure:2674: result: yes
configure:2679: checking whether gcc accepts -g
configure:2709: gcc -c -g  conftest.c >&5
configure:2715: $? = 0
configure:2814: result: yes
configure:2831: checking for gcc option to accept ISO C89
configure:2905: gcc  -c -O2 -Wall  conftest.c >&5
configure:2911: $? = 0
configure:2934: result: none needed
configure:2965: checking for a BSD-compatible install
configure:3021: result: /usr/bin/install -c
configure:3041: checking how to run the C preprocessor
configure:3081: gcc -E  conftest.c
configure:3087: $? = 0
configure:3118: gcc -E  conftest.c
conftest.c:8:28: ac_nonexistent.h: No such file or directory
configure:3124: $? = 1
configure: failed program was:
| /* confdefs.h.  */
| #define PACKAGE_NAME "Atari800"
| #define PACKAGE_TARNAME "atari800"
| #define PACKAGE_VERSION "2.0.3"
| #define PACKAGE_STRING "Atari800 2.0.3"
| #define PACKAGE_BUGREPORT "pstehlik@sophics.cz"
| /* end confdefs.h.  */
| #include <ac_nonexistent.h>
configure:3157: result: gcc -E
configure:3186: gcc -E  conftest.c
configure:3192: $? = 0
configure:3223: gcc -E  conftest.c
conftest.c:8:28: ac_nonexistent.h: No such file or directory
configure:3229: $? = 1
configure: failed program was:
| /* confdefs.h.  */
| #define PACKAGE_NAME "Atari800"
| #define PACKAGE_TARNAME "atari800"
| #define PACKAGE_VERSION "2.0.3"
| #define PACKAGE_STRING "Atari800 2.0.3"
| #define PACKAGE_BUGREPORT "pstehlik@sophics.cz"
| /* end confdefs.h.  */
| #include <ac_nonexistent.h>
configure:3267: checking for X
configure:3502: result: libraries /usr/X11R6/lib, headers /usr/X11R6/include
configure:3534: checking for dirent.h that defines DIR
configure:3563: gcc -c -O2 -Wall -I/usr/include/SDL -D_REENTRANT  conftest.c >&5
configure:3569: $? = 0
configure:3585: result: yes
configure:3598: checking for library containing opendir
configure:3639: gcc -o conftest -O2 -Wall -I/usr/include/SDL -D_REENTRANT  -s conftest.c  >&5
configure:3645: $? = 0
configure:3673: result: none required
configure:3767: checking for grep that handles long lines and -e
configure:3841: result: /bin/grep
configure:3846: checking for egrep
configure:3924: result: /bin/grep -E
configure:3929: checking for ANSI C header files
configure:3959: gcc -c -O2 -Wall -I/usr/include/SDL -D_REENTRANT  conftest.c >&5
configure:3965: $? = 0
configure:4061: gcc -o conftest -O2 -Wall -I/usr/include/SDL -D_REENTRANT  -s conftest.c  >&5
configure:4064: $? = 0
configure:4070: ./conftest
configure:4073: $? = 0
configure:4090: result: yes
configure:4100: checking whether time.h and sys/time.h may both be included
configure:4130: gcc -c -O2 -Wall -I/usr/include/SDL -D_REENTRANT  conftest.c >&5
configure:4136: $? = 0
configure:4151: result: yes
configure:4175: checking for sys/types.h
configure:4196: gcc -c -O2 -Wall -I/usr/include/SDL -D_REENTRANT  conftest.c >&5
configure:4202: $? = 0
configure:4218: result: yes
configure:4175: checking for sys/stat.h
configure:4196: gcc -c -O2 -Wall -I/usr/include/SDL -D_REENTRANT  conftest.c >&5
configure:4202: $? = 0
configure:4218: result: yes
configure:4175: checking for stdlib.h
configure:4196: gcc -c -O2 -Wall -I/usr/include/SDL -D_REENTRANT  conftest.c >&5
configure:4202: $? = 0
configure:4218: result: yes
configure:4175: checking for string.h
configure:4196: gcc -c -O2 -Wall -I/usr/include/SDL -D_REENTRANT  conftest.c >&5
configure:4202: $? = 0
configure:4218: result: yes
configure:4175: checking for memory.h
configure:4196: gcc -c -O2 -Wall -I/usr/include/SDL -D_REENTRANT  conftest.c >&5
configure:4202: $? = 0
configure:4218: result: yes
configure:4175: checking for strings.h
configure:4196: gcc -c -O2 -Wall -I/usr/include/SDL -D_REENTRANT  conftest.c >&5
configure:4202: $? = 0
configure:4218: result: yes
configure:4175: checking for inttypes.h
configure:4196: gcc -c -O2 -Wall -I/usr/include/SDL -D_REENTRANT  conftest.c >&5
configure:4202: $? = 0
configure:4218: result: yes
configure:4175: checking for stdint.h
configure:4196: gcc -c -O2 -Wall -I/usr/include/SDL -D_REENTRANT  conftest.c >&5
configure:4202: $? = 0
configure:4218: result: yes
configure:4175: checking for unistd.h
configure:4196: gcc -c -O2 -Wall -I/usr/include/SDL -D_REENTRANT  conftest.c >&5
configure:4202: $? = 0
configure:4218: result: yes
configure:4252: checking direct.h usability
configure:4269: gcc -c -O2 -Wall -I/usr/include/SDL -D_REENTRANT  conftest.c >&5
conftest.c:53:20: direct.h: No such file or directory
configure:4275: $? = 1
configure: failed program was:
| /* confdefs.h.  */
| #define PACKAGE_NAME "Atari800"
| #define PACKAGE_TARNAME "atari800"
| #define PACKAGE_VERSION "2.0.3"
| #define PACKAGE_STRING "Atari800 2.0.3"
| #define PACKAGE_BUGREPORT "pstehlik@sophics.cz"
| #define HAVE_DIRENT_H 1
| #define STDC_HEADERS 1
| #define TIME_WITH_SYS_TIME 1
| #define HAVE_SYS_TYPES_H 1
| #define HAVE_SYS_STAT_H 1
| #define HAVE_STDLIB_H 1
| #define HAVE_STRING_H 1
| #define HAVE_MEMORY_H 1
| #define HAVE_STRINGS_H 1
| #define HAVE_INTTYPES_H 1
| #define HAVE_STDINT_H 1
| #define HAVE_UNISTD_H 1
| /* end confdefs.h.  */
| #include <stdio.h>
| #ifdef HAVE_SYS_TYPES_H
| # include <sys/types.h>
| #endif
| #ifdef HAVE_SYS_STAT_H
| # include <sys/stat.h>
| #endif
| #ifdef STDC_HEADERS
| # include <stdlib.h>
| # include <stddef.h>
| #else
| # ifdef HAVE_STDLIB_H
| #  include <stdlib.h>
| # endif
| #endif
| #ifdef HAVE_STRING_H
| # if !defined STDC_HEADERS && defined HAVE_MEMORY_H
| #  include <memory.h>
| # endif
| # include <string.h>
| #endif
| #ifdef HAVE_STRINGS_H
| # include <strings.h>
| #endif
| #ifdef HAVE_INTTYPES_H
| # include <inttypes.h>
| #endif
| #ifdef HAVE_STDINT_H
| # include <stdint.h>
| #endif
| #ifdef HAVE_UNISTD_H
| # include <unistd.h>
| #endif
| #include <direct.h>
configure:4289: result: no
configure:4293: checking direct.h presence
configure:4308: gcc -E  conftest.c
conftest.c:20:20: direct.h: No such file or directory
configure:4314: $? = 1
configure: failed program was:
| /* confdefs.h.  */
| #define PACKAGE_NAME "Atari800"
| #define PACKAGE_TARNAME "atari800"
| #define PACKAGE_VERSION "2.0.3"
| #define PACKAGE_STRING "Atari800 2.0.3"
| #define PACKAGE_BUGREPORT "pstehlik@sophics.cz"
| #define HAVE_DIRENT_H 1
| #define STDC_HEADERS 1
| #define TIME_WITH_SYS_TIME 1
| #define HAVE_SYS_TYPES_H 1
| #define HAVE_SYS_STAT_H 1
| #define HAVE_STDLIB_H 1
| #define HAVE_STRING_H 1
| #define HAVE_MEMORY_H 1
| #define HAVE_STRINGS_H 1
| #define HAVE_INTTYPES_H 1
| #define HAVE_STDINT_H 1
| #define HAVE_UNISTD_H 1
| /* end confdefs.h.  */
| #include <direct.h>
configure:4328: result: no
configure:4361: checking for direct.h
configure:4369: result: no
configure:4252: checking errno.h usability
configure:4269: gcc -c -O2 -Wall -I/usr/include/SDL -D_REENTRANT  conftest.c >&5
configure:4275: $? = 0
configure:4289: result: yes
configure:4293: checking errno.h presence
configure:4308: gcc -E  conftest.c
configure:4314: $? = 0
configure:4328: result: yes
configure:4361: checking for errno.h
configure:4369: result: yes
configure:4252: checking file.h usability
configure:4269: gcc -c -O2 -Wall -I/usr/include/SDL -D_REENTRANT  conftest.c >&5
conftest.c:54:18: file.h: No such file or directory
configure:4275: $? = 1
configure: failed program was:
| /* confdefs.h.  */
| #define PACKAGE_NAME "Atari800"
| #define PACKAGE_TARNAME "atari800"
| #define PACKAGE_VERSION "2.0.3"
| #define PACKAGE_STRING "Atari800 2.0.3"
| #define PACKAGE_BUGREPORT "pstehlik@sophics.cz"
| #define HAVE_DIRENT_H 1
| #define STDC_HEADERS 1
| #define TIME_WITH_SYS_TIME 1
| #define HAVE_SYS_TYPES_H 1
| #define HAVE_SYS_STAT_H 1
| #define HAVE_STDLIB_H 1
| #define HAVE_STRING_H 1
| #define HAVE_MEMORY_H 1
| #define HAVE_STRINGS_H 1
| #define HAVE_INTTYPES_H 1
| #define HAVE_STDINT_H 1
| #define HAVE_UNISTD_H 1
| #define HAVE_ERRNO_H 1
| /* end confdefs.h.  */
| #include <stdio.h>
| #ifdef HAVE_SYS_TYPES_H
| # include <sys/types.h>
| #endif
| #ifdef HAVE_SYS_STAT_H
| # include <sys/stat.h>
| #endif
| #ifdef STDC_HEADERS
| # include <stdlib.h>
| # include <stddef.h>
| #else
| # ifdef HAVE_STDLIB_H
| #  include <stdlib.h>
| # endif
| #endif
| #ifdef HAVE_STRING_H
| # if !defined STDC_HEADERS && defined HAVE_MEMORY_H
| #  include <memory.h>
| # endif
| # include <string.h>
| #endif
| #ifdef HAVE_STRINGS_H
| # include <strings.h>
| #endif
| #ifdef HAVE_INTTYPES_H
| # include <inttypes.h>
| #endif
| #ifdef HAVE_STDINT_H
| # include <stdint.h>
| #endif
| #ifdef HAVE_UNISTD_H
| # include <unistd.h>
| #endif
| #include <file.h>
configure:4289: result: no
configure:4293: checking file.h presence
configure:4308: gcc -E  conftest.c
conftest.c:21:18: file.h: No such file or directory
configure:4314: $? = 1
configure: failed program was:
| /* confdefs.h.  */
| #define PACKAGE_NAME "Atari800"
| #define PACKAGE_TARNAME "atari800"
| #define PACKAGE_VERSION "2.0.3"
| #define PACKAGE_STRING "Atari800 2.0.3"
| #define PACKAGE_BUGREPORT "pstehlik@sophics.cz"
| #define HAVE_DIRENT_H 1
| #define STDC_HEADERS 1
| #define TIME_WITH_SYS_TIME 1
| #define HAVE_SYS_TYPES_H 1
| #define HAVE_SYS_STAT_H 1
| #define HAVE_STDLIB_H 1
| #define HAVE_STRING_H 1
| #define HAVE_MEMORY_H 1
| #define HAVE_STRINGS_H 1
| #define HAVE_INTTYPES_H 1
| #define HAVE_STDINT_H 1
| #define HAVE_UNISTD_H 1
| #define HAVE_ERRNO_H 1
| /* end confdefs.h.  */
| #include <file.h>
configure:4328: result: no
configure:4361: checking for file.h
configure:4369: result: no
configure:4252: checking signal.h usability
configure:4269: gcc -c -O2 -Wall -I/usr/include/SDL -D_REENTRANT  conftest.c >&5
configure:4275: $? = 0
configure:4289: result: yes
configure:4293: checking signal.h presence
configure:4308: gcc -E  conftest.c
configure:4314: $? = 0
configure:4328: result: yes
configure:4361: checking for signal.h
configure:4369: result: yes
configure:4252: checking sys/time.h usability
configure:4269: gcc -c -O2 -Wall -I/usr/include/SDL -D_REENTRANT  conftest.c >&5
configure:4275: $? = 0
configure:4289: result: yes
configure:4293: checking sys/time.h presence
configure:4308: gcc -E  conftest.c
configure:4314: $? = 0
configure:4328: result: yes
configure:4361: checking for sys/time.h
configure:4369: result: yes
configure:4252: checking time.h usability
configure:4269: gcc -c -O2 -Wall -I/usr/include/SDL -D_REENTRANT  conftest.c >&5
configure:4275: $? = 0
configure:4289: result: yes
configure:4293: checking time.h presence
configure:4308: gcc -E  conftest.c
configure:4314: $? = 0
configure:4328: result: yes
configure:4361: checking for time.h
configure:4369: result: yes
configure:4242: checking for unistd.h
configure:4248: result: yes
configure:4252: checking unixio.h usability
configure:4269: gcc -c -O2 -Wall -I/usr/include/SDL -D_REENTRANT  conftest.c >&5
conftest.c:58:20: unixio.h: No such file or directory
configure:4275: $? = 1
configure: failed program was:
| /* confdefs.h.  */
| #define PACKAGE_NAME "Atari800"
| #define PACKAGE_TARNAME "atari800"
| #define PACKAGE_VERSION "2.0.3"
| #define PACKAGE_STRING "Atari800 2.0.3"
| #define PACKAGE_BUGREPORT "pstehlik@sophics.cz"
| #define HAVE_DIRENT_H 1
| #define STDC_HEADERS 1
| #define TIME_WITH_SYS_TIME 1
| #define HAVE_SYS_TYPES_H 1
| #define HAVE_SYS_STAT_H 1
| #define HAVE_STDLIB_H 1
| #define HAVE_STRING_H 1
| #define HAVE_MEMORY_H 1
| #define HAVE_STRINGS_H 1
| #define HAVE_INTTYPES_H 1
| #define HAVE_STDINT_H 1
| #define HAVE_UNISTD_H 1
| #define HAVE_ERRNO_H 1
| #define HAVE_SIGNAL_H 1
| #define HAVE_SYS_TIME_H 1
| #define HAVE_TIME_H 1
| #define HAVE_UNISTD_H 1
| /* end confdefs.h.  */
| #include <stdio.h>
| #ifdef HAVE_SYS_TYPES_H
| # include <sys/types.h>
| #endif
| #ifdef HAVE_SYS_STAT_H
| # include <sys/stat.h>
| #endif
| #ifdef STDC_HEADERS
| # include <stdlib.h>
| # include <stddef.h>
| #else
| # ifdef HAVE_STDLIB_H
| #  include <stdlib.h>
| # endif
| #endif
| #ifdef HAVE_STRING_H
| # if !defined STDC_HEADERS && defined HAVE_MEMORY_H
| #  include <memory.h>
| # endif
| # include <string.h>
| #endif
| #ifdef HAVE_STRINGS_H
| # include <strings.h>
| #endif
| #ifdef HAVE_INTTYPES_H
| # include <inttypes.h>
| #endif
| #ifdef HAVE_STDINT_H
| # include <stdint.h>
| #endif
| #ifdef HAVE_UNISTD_H
| # include <unistd.h>
| #endif
| #include <unixio.h>
configure:4289: result: no
configure:4293: checking unixio.h presence
configure:4308: gcc -E  conftest.c
conftest.c:25:20: unixio.h: No such file or directory
configure:4314: $? = 1
configure: failed program was:
| /* confdefs.h.  */
| #define PACKAGE_NAME "Atari800"
| #define PACKAGE_TARNAME "atari800"
| #define PACKAGE_VERSION "2.0.3"
| #define PACKAGE_STRING "Atari800 2.0.3"
| #define PACKAGE_BUGREPORT "pstehlik@sophics.cz"
| #define HAVE_DIRENT_H 1
| #define STDC_HEADERS 1
| #define TIME_WITH_SYS_TIME 1
| #define HAVE_SYS_TYPES_H 1
| #define HAVE_SYS_STAT_H 1
| #define HAVE_STDLIB_H 1
| #define HAVE_STRING_H 1
| #define HAVE_MEMORY_H 1
| #define HAVE_STRINGS_H 1
| #define HAVE_INTTYPES_H 1
| #define HAVE_STDINT_H 1
| #define HAVE_UNISTD_H 1
| #define HAVE_ERRNO_H 1
| #define HAVE_SIGNAL_H 1
| #define HAVE_SYS_TIME_H 1
| #define HAVE_TIME_H 1
| #define HAVE_UNISTD_H 1
| /* end confdefs.h.  */
| #include <unixio.h>
configure:4328: result: no
configure:4361: checking for unixio.h
configure:4369: result: no
configure:4400: checking fcntl.h usability
configure:4417: gcc -c -O2 -Wall -I/usr/include/SDL -D_REENTRANT  conftest.c >&5
configure:4423: $? = 0
configure:4437: result: yes
configure:4441: checking fcntl.h presence
configure:4456: gcc -E  conftest.c
configure:4462: $? = 0
configure:4476: result: yes
configure:4509: checking for fcntl.h
configure:4517: result: yes
configure:4400: checking sys/ioctl.h usability
configure:4417: gcc -c -O2 -Wall -I/usr/include/SDL -D_REENTRANT  conftest.c >&5
configure:4423: $? = 0
configure:4437: result: yes
configure:4441: checking sys/ioctl.h presence
configure:4456: gcc -E  conftest.c
configure:4462: $? = 0
configure:4476: result: yes
configure:4509: checking for sys/ioctl.h
configure:4517: result: yes
configure:4400: checking sys/soundcard.h usability
configure:4417: gcc -c -O2 -Wall -I/usr/include/SDL -D_REENTRANT  conftest.c >&5
configure:4423: $? = 0
configure:4437: result: yes
configure:4441: checking sys/soundcard.h presence
configure:4456: gcc -E  conftest.c
configure:4462: $? = 0
configure:4476: result: yes
configure:4509: checking for sys/soundcard.h
configure:4517: result: yes
configure:4552: checking arpa/inet.h usability
configure:4569: gcc -c -O2 -Wall -I/usr/include/SDL -D_REENTRANT  conftest.c >&5
configure:4575: $? = 0
configure:4589: result: yes
configure:4593: checking arpa/inet.h presence
configure:4608: gcc -E  conftest.c
configure:4614: $? = 0
configure:4628: result: yes
configure:4661: checking for arpa/inet.h
configure:4669: result: yes
configure:4552: checking netdb.h usability
configure:4569: gcc -c -O2 -Wall -I/usr/include/SDL -D_REENTRANT  conftest.c >&5
configure:4575: $? = 0
configure:4589: result: yes
configure:4593: checking netdb.h presence
configure:4608: gcc -E  conftest.c
configure:4614: $? = 0
configure:4628: result: yes
configure:4661: checking for netdb.h
configure:4669: result: yes
configure:4552: checking netinet/in.h usability
configure:4569: gcc -c -O2 -Wall -I/usr/include/SDL -D_REENTRANT  conftest.c >&5
configure:4575: $? = 0
configure:4589: result: yes
configure:4593: checking netinet/in.h presence
configure:4608: gcc -E  conftest.c
configure:4614: $? = 0
configure:4628: result: yes
configure:4661: checking for netinet/in.h
configure:4669: result: yes
configure:4552: checking sys/socket.h usability
configure:4569: gcc -c -O2 -Wall -I/usr/include/SDL -D_REENTRANT  conftest.c >&5
configure:4575: $? = 0
configure:4589: result: yes
configure:4593: checking sys/socket.h presence
configure:4608: gcc -E  conftest.c
configure:4614: $? = 0
configure:4628: result: yes
configure:4661: checking for sys/socket.h
configure:4669: result: yes
configure:4552: checking termios.h usability
configure:4569: gcc -c -O2 -Wall -I/usr/include/SDL -D_REENTRANT  conftest.c >&5
configure:4575: $? = 0
configure:4589: result: yes
configure:4593: checking termios.h presence
configure:4608: gcc -E  conftest.c
configure:4614: $? = 0
configure:4628: result: yes
configure:4661: checking for termios.h
configure:4669: result: yes
configure:4689: checking for gzopen in -lz
configure:4724: gcc -o conftest -O2 -Wall -I/usr/include/SDL -D_REENTRANT  -s conftest.c -lz   >&5
configure:4730: $? = 0
configure:4748: result: yes
configure:4760: checking for png_get_libpng_ver in -lpng
configure:4795: gcc -o conftest -O2 -Wall -I/usr/include/SDL -D_REENTRANT  -s conftest.c -lpng  -lz  >&5
configure:4801: $? = 0
configure:4819: result: yes
configure:4830: checking for cos in -lm
configure:4865: gcc -o conftest -O2 -Wall -I/usr/include/SDL -D_REENTRANT  -s conftest.c -lm  -lpng -lz  >&5
conftest.c:42: warning: conflicting types for built-in function `cos'
configure:4871: $? = 0
configure:4889: result: yes
configure:4895: checking for _oss_ioctl in -lossaudio
configure:4930: gcc -o conftest -O2 -Wall -I/usr/include/SDL -D_REENTRANT  -s conftest.c -lossaudio  -lm -lpng -lz  >&5
/usr/bin/ld: cannot find -lossaudio
collect2: ld returned 1 exit status
configure:4936: $? = 1
configure: failed program was:
| /* confdefs.h.  */
| #define PACKAGE_NAME "Atari800"
| #define PACKAGE_TARNAME "atari800"
| #define PACKAGE_VERSION "2.0.3"
| #define PACKAGE_STRING "Atari800 2.0.3"
| #define PACKAGE_BUGREPORT "pstehlik@sophics.cz"
| #define HAVE_DIRENT_H 1
| #define STDC_HEADERS 1
| #define TIME_WITH_SYS_TIME 1
| #define HAVE_SYS_TYPES_H 1
| #define HAVE_SYS_STAT_H 1
| #define HAVE_STDLIB_H 1
| #define HAVE_STRING_H 1
| #define HAVE_MEMORY_H 1
| #define HAVE_STRINGS_H 1
| #define HAVE_INTTYPES_H 1
| #define HAVE_STDINT_H 1
| #define HAVE_UNISTD_H 1
| #define HAVE_ERRNO_H 1
| #define HAVE_SIGNAL_H 1
| #define HAVE_SYS_TIME_H 1
| #define HAVE_TIME_H 1
| #define HAVE_UNISTD_H 1
| #define HAVE_FCNTL_H 1
| #define HAVE_SYS_IOCTL_H 1
| #define HAVE_SYS_SOUNDCARD_H 1
| #define HAVE_ARPA_INET_H 1
| #define HAVE_NETDB_H 1
| #define HAVE_NETINET_IN_H 1
| #define HAVE_SYS_SOCKET_H 1
| #define HAVE_TERMIOS_H 1
| #define HAVE_LIBZ 1
| #define HAVE_LIBPNG 1
| /* end confdefs.h.  */
| 
| /* Override any GCC internal prototype to avoid an error.
|    Use char because int might match the return type of a GCC
|    builtin and then its argument prototype would still apply.  */
| #ifdef __cplusplus
| extern "C"
| #endif
| char _oss_ioctl ();
| int
| main ()
| {
| return _oss_ioctl ();
|   ;
|   return 0;
| }
configure:4954: result: no
configure:7365: checking whether byte ordering is bigendian
configure:7397: gcc -c -O2 -Wall -I/usr/include/SDL -D_REENTRANT  conftest.c >&5
configure:7403: $? = 0
configure:7435: gcc -c -O2 -Wall -I/usr/include/SDL -D_REENTRANT  conftest.c >&5
conftest.c: In function `main':
conftest.c:45: `not' undeclared (first use in this function)
conftest.c:45: (Each undeclared identifier is reported only once
conftest.c:45: for each function it appears in.)
conftest.c:45: parse error before "big"
configure:7441: $? = 1
configure: failed program was:
| /* confdefs.h.  */
| #define PACKAGE_NAME "Atari800"
| #define PACKAGE_TARNAME "atari800"
| #define PACKAGE_VERSION "2.0.3"
| #define PACKAGE_STRING "Atari800 2.0.3"
| #define PACKAGE_BUGREPORT "pstehlik@sophics.cz"
| #define HAVE_DIRENT_H 1
| #define STDC_HEADERS 1
| #define TIME_WITH_SYS_TIME 1
| #define HAVE_SYS_TYPES_H 1
| #define HAVE_SYS_STAT_H 1
| #define HAVE_STDLIB_H 1
| #define HAVE_STRING_H 1
| #define HAVE_MEMORY_H 1
| #define HAVE_STRINGS_H 1
| #define HAVE_INTTYPES_H 1
| #define HAVE_STDINT_H 1
| #define HAVE_UNISTD_H 1
| #define HAVE_ERRNO_H 1
| #define HAVE_SIGNAL_H 1
| #define HAVE_SYS_TIME_H 1
| #define HAVE_TIME_H 1
| #define HAVE_UNISTD_H 1
| #define HAVE_FCNTL_H 1
| #define HAVE_SYS_IOCTL_H 1
| #define HAVE_SYS_SOUNDCARD_H 1
| #define HAVE_ARPA_INET_H 1
| #define HAVE_NETDB_H 1
| #define HAVE_NETINET_IN_H 1
| #define HAVE_SYS_SOCKET_H 1
| #define HAVE_TERMIOS_H 1
| #define HAVE_LIBZ 1
| #define HAVE_LIBPNG 1
| #define SDL 1
| #define SUPPORTS_ATARI_CONFIGURE 1
| #define SUPPORTS_ATARI_CONFIGSAVE 1
| /* end confdefs.h.  */
| #include <sys/types.h>
| #include <sys/param.h>
| 
| int
| main ()
| {
| #if BYTE_ORDER != BIG_ENDIAN
|  not big endian
| #endif
| 
|   ;
|   return 0;
| }
configure:7581: result: no
configure:7600: checking for an ANSI C-conforming const
configure:7675: gcc -c -O2 -Wall -I/usr/include/SDL -D_REENTRANT  conftest.c >&5
conftest.c: In function `main':
conftest.c:64: warning: `t' might be used uninitialized in this function
conftest.c:83: warning: `b' might be used uninitialized in this function
configure:7681: $? = 0
configure:7696: result: yes
configure:7706: checking for inline
configure:7732: gcc -c -O2 -Wall -I/usr/include/SDL -D_REENTRANT  conftest.c >&5
configure:7738: $? = 0
configure:7756: result: inline
configure:7775: checking for working volatile
configure:7804: gcc -c -O2 -Wall -I/usr/include/SDL -D_REENTRANT  conftest.c >&5
configure:7810: $? = 0
configure:7825: result: yes
configure:7836: checking whether gcc needs -traditional
configure:7878: result: no
configure:7885: checking whether struct tm is in sys/time.h or time.h
configure:7915: gcc -c -O2 -Wall -I/usr/include/SDL -D_REENTRANT  conftest.c >&5
configure:7921: $? = 0
configure:7936: result: time.h
configure:7946: checking return type of signal handlers
configure:7974: gcc -c -O2 -Wall -I/usr/include/SDL -D_REENTRANT  conftest.c >&5
conftest.c: In function `main':
conftest.c:44: void value not ignored as it ought to be
configure:7980: $? = 1
configure: failed program was:
| /* confdefs.h.  */
| #define PACKAGE_NAME "Atari800"
| #define PACKAGE_TARNAME "atari800"
| #define PACKAGE_VERSION "2.0.3"
| #define PACKAGE_STRING "Atari800 2.0.3"
| #define PACKAGE_BUGREPORT "pstehlik@sophics.cz"
| #define HAVE_DIRENT_H 1
| #define STDC_HEADERS 1
| #define TIME_WITH_SYS_TIME 1
| #define HAVE_SYS_TYPES_H 1
| #define HAVE_SYS_STAT_H 1
| #define HAVE_STDLIB_H 1
| #define HAVE_STRING_H 1
| #define HAVE_MEMORY_H 1
| #define HAVE_STRINGS_H 1
| #define HAVE_INTTYPES_H 1
| #define HAVE_STDINT_H 1
| #define HAVE_UNISTD_H 1
| #define HAVE_ERRNO_H 1
| #define HAVE_SIGNAL_H 1
| #define HAVE_SYS_TIME_H 1
| #define HAVE_TIME_H 1
| #define HAVE_UNISTD_H 1
| #define HAVE_FCNTL_H 1
| #define HAVE_SYS_IOCTL_H 1
| #define HAVE_SYS_SOUNDCARD_H 1
| #define HAVE_ARPA_INET_H 1
| #define HAVE_NETDB_H 1
| #define HAVE_NETINET_IN_H 1
| #define HAVE_SYS_SOCKET_H 1
| #define HAVE_TERMIOS_H 1
| #define HAVE_LIBZ 1
| #define HAVE_LIBPNG 1
| #define SDL 1
| #define SUPPORTS_ATARI_CONFIGURE 1
| #define SUPPORTS_ATARI_CONFIGSAVE 1
| /* end confdefs.h.  */
| #include <sys/types.h>
| #include <signal.h>
| 
| int
| main ()
| {
| return *(signal (0, 0)) (0) == 1;
|   ;
|   return 0;
| }
configure:7995: result: void
configure:8003: checking for size_t
configure:8033: gcc -c -O2 -Wall -I/usr/include/SDL -D_REENTRANT  conftest.c >&5
configure:8039: $? = 0
configure:8054: result: yes
configure:8093: checking for unaligned word access validity
configure:8143: gcc -o conftest -O2 -Wall -I/usr/include/SDL -D_REENTRANT  -s conftest.c -lm -lpng -lz  -L/usr/lib -Wl,-rpath,/usr/lib -lSDL -lpthread >&5
configure:8146: $? = 0
configure:8152: ./conftest
configure:8155: $? = 0
configure:8157: result: yes
configure:8183: checking whether closedir returns void
configure:8217: gcc -o conftest -O2 -Wall -I/usr/include/SDL -D_REENTRANT  -s conftest.c -lm -lpng -lz  -L/usr/lib -Wl,-rpath,/usr/lib -lSDL -lpthread >&5
configure:8220: $? = 0
configure:8226: ./conftest
configure:8229: $? = 0
configure:8245: result: no
configure:8255: checking for working memcmp
configure:8308: gcc -o conftest -O2 -Wall -I/usr/include/SDL -D_REENTRANT  -s conftest.c -lm -lpng -lz  -L/usr/lib -Wl,-rpath,/usr/lib -lSDL -lpthread >&5
configure:8311: $? = 0
configure:8317: ./conftest
configure:8320: $? = 0
configure:8336: result: yes
configure:8361: checking sys/select.h usability
configure:8378: gcc -c -O2 -Wall -I/usr/include/SDL -D_REENTRANT  conftest.c >&5
configure:8384: $? = 0
configure:8398: result: yes
configure:8402: checking sys/select.h presence
configure:8417: gcc -E  conftest.c
configure:8423: $? = 0
configure:8437: result: yes
configure:8470: checking for sys/select.h
configure:8478: result: yes
configure:8351: checking for sys/socket.h
configure:8357: result: yes
configure:8491: checking types of arguments for select
configure:8529: gcc -c -O2 -Wall -I/usr/include/SDL -D_REENTRANT  conftest.c >&5
configure:8535: $? = 0
configure:8556: result: int,fd_set *,struct timeval *
configure:8579: checking whether lstat dereferences a symlink specified with a trailing slash
configure:8615: gcc -o conftest -O2 -Wall -I/usr/include/SDL -D_REENTRANT  -s conftest.c -lm -lpng -lz  -L/usr/lib -Wl,-rpath,/usr/lib -lSDL -lpthread >&5
configure:8618: $? = 0
configure:8624: ./conftest
configure:8627: $? = 0
configure:8650: result: yes
configure:8669: checking whether stat accepts an empty string
configure:8699: gcc -o conftest -O2 -Wall -I/usr/include/SDL -D_REENTRANT  -s conftest.c -lm -lpng -lz  -L/usr/lib -Wl,-rpath,/usr/lib -lSDL -lpthread >&5
configure:8702: $? = 0
configure:8708: ./conftest
configure:8711: $? = 0
configure:8727: result: no
configure:8747: checking for vprintf
configure:8803: gcc -o conftest -O2 -Wall -I/usr/include/SDL -D_REENTRANT  -s conftest.c -lm -lpng -lz  -L/usr/lib -Wl,-rpath,/usr/lib -lSDL -lpthread >&5
configure:8809: $? = 0
configure:8827: result: yes
configure:8834: checking for _doprnt
configure:8890: gcc -o conftest -O2 -Wall -I/usr/include/SDL -D_REENTRANT  -s conftest.c -lm -lpng -lz  -L/usr/lib -Wl,-rpath,/usr/lib -lSDL -lpthread >&5
/tmp/ccUjISou.o(.text+0xa): In function `main':
: undefined reference to `_doprnt'
collect2: ld returned 1 exit status
configure:8896: $? = 1
configure: failed program was:
| /* confdefs.h.  */
| #define PACKAGE_NAME "Atari800"
| #define PACKAGE_TARNAME "atari800"
| #define PACKAGE_VERSION "2.0.3"
| #define PACKAGE_STRING "Atari800 2.0.3"
| #define PACKAGE_BUGREPORT "pstehlik@sophics.cz"
| #define HAVE_DIRENT_H 1
| #define STDC_HEADERS 1
| #define TIME_WITH_SYS_TIME 1
| #define HAVE_SYS_TYPES_H 1
| #define HAVE_SYS_STAT_H 1
| #define HAVE_STDLIB_H 1
| #define HAVE_STRING_H 1
| #define HAVE_MEMORY_H 1
| #define HAVE_STRINGS_H 1
| #define HAVE_INTTYPES_H 1
| #define HAVE_STDINT_H 1
| #define HAVE_UNISTD_H 1
| #define HAVE_ERRNO_H 1
| #define HAVE_SIGNAL_H 1
| #define HAVE_SYS_TIME_H 1
| #define HAVE_TIME_H 1
| #define HAVE_UNISTD_H 1
| #define HAVE_FCNTL_H 1
| #define HAVE_SYS_IOCTL_H 1
| #define HAVE_SYS_SOUNDCARD_H 1
| #define HAVE_ARPA_INET_H 1
| #define HAVE_NETDB_H 1
| #define HAVE_NETINET_IN_H 1
| #define HAVE_SYS_SOCKET_H 1
| #define HAVE_TERMIOS_H 1
| #define HAVE_LIBZ 1
| #define HAVE_LIBPNG 1
| #define SDL 1
| #define SUPPORTS_ATARI_CONFIGURE 1
| #define SUPPORTS_ATARI_CONFIGSAVE 1
| #define RETSIGTYPE void
| #define WORDS_UNALIGNED_OK 1
| #define HAVE_SYS_SELECT_H 1
| #define HAVE_SYS_SOCKET_H 1
| #define SELECT_TYPE_ARG1 int
| #define SELECT_TYPE_ARG234 (fd_set *)
| #define SELECT_TYPE_ARG5 (struct timeval *)
| #define LSTAT_FOLLOWS_SLASHED_SYMLINK 1
| #define HAVE_VPRINTF 1
| /* end confdefs.h.  */
| /* Define _doprnt to an innocuous variant, in case <limits.h> declares _doprnt.
|    For example, HP-UX 11i <limits.h> declares gettimeofday.  */
| #define _doprnt innocuous__doprnt
| 
| /* System header to define __stub macros and hopefully few prototypes,
|     which can conflict with char _doprnt (); below.
|     Prefer <limits.h> to <assert.h> if __STDC__ is defined, since
|     <limits.h> exists even on freestanding compilers.  */
| 
| #ifdef __STDC__
| # include <limits.h>
| #else
| # include <assert.h>
| #endif
| 
| #undef _doprnt
| 
| /* Override any GCC internal prototype to avoid an error.
|    Use char because int might match the return type of a GCC
|    builtin and then its argument prototype would still apply.  */
| #ifdef __cplusplus
| extern "C"
| #endif
| char _doprnt ();
| /* The GNU C library defines this for functions which it implements
|     to always fail with ENOSYS.  Some functions are actually named
|     something starting with __ and the normal name is an alias.  */
| #if defined __stub__doprnt || defined __stub____doprnt
| choke me
| #endif
| 
| int
| main ()
| {
| return _doprnt ();
|   ;
|   return 0;
| }
configure:8913: result: no
configure:8938: checking for atexit
configure:8994: gcc -o conftest -O2 -Wall -I/usr/include/SDL -D_REENTRANT  -s conftest.c -lm -lpng -lz  -L/usr/lib -Wl,-rpath,/usr/lib -lSDL -lpthread >&5
configure:9000: $? = 0
configure:9018: result: yes
configure:8938: checking for chmod
configure:8994: gcc -o conftest -O2 -Wall -I/usr/include/SDL -D_REENTRANT  -s conftest.c -lm -lpng -lz  -L/usr/lib -Wl,-rpath,/usr/lib -lSDL -lpthread >&5
configure:9000: $? = 0
configure:9018: result: yes
configure:8938: checking for clock
configure:8994: gcc -o conftest -O2 -Wall -I/usr/include/SDL -D_REENTRANT  -s conftest.c -lm -lpng -lz  -L/usr/lib -Wl,-rpath,/usr/lib -lSDL -lpthread >&5
configure:9000: $? = 0
configure:9018: result: yes
configure:8938: checking for fdopen
configure:8994: gcc -o conftest -O2 -Wall -I/usr/include/SDL -D_REENTRANT  -s conftest.c -lm -lpng -lz  -L/usr/lib -Wl,-rpath,/usr/lib -lSDL -lpthread >&5
configure:9000: $? = 0
configure:9018: result: yes
configure:8938: checking for fflush
configure:8994: gcc -o conftest -O2 -Wall -I/usr/include/SDL -D_REENTRANT  -s conftest.c -lm -lpng -lz  -L/usr/lib -Wl,-rpath,/usr/lib -lSDL -lpthread >&5
configure:9000: $? = 0
configure:9018: result: yes
configure:8938: checking for floor
configure:8994: gcc -o conftest -O2 -Wall -I/usr/include/SDL -D_REENTRANT  -s conftest.c -lm -lpng -lz  -L/usr/lib -Wl,-rpath,/usr/lib -lSDL -lpthread >&5
configure:9000: $? = 0
configure:9018: result: yes
configure:8938: checking for fstat
configure:8994: gcc -o conftest -O2 -Wall -I/usr/include/SDL -D_REENTRANT  -s conftest.c -lm -lpng -lz  -L/usr/lib -Wl,-rpath,/usr/lib -lSDL -lpthread >&5
configure:9000: $? = 0
configure:9018: result: yes
configure:8938: checking for getcwd
configure:8994: gcc -o conftest -O2 -Wall -I/usr/include/SDL -D_REENTRANT  -s conftest.c -lm -lpng -lz  -L/usr/lib -Wl,-rpath,/usr/lib -lSDL -lpthread >&5
configure:9000: $? = 0
configure:9018: result: yes
configure:9038: checking for gettimeofday
configure:9094: gcc -o conftest -O2 -Wall -I/usr/include/SDL -D_REENTRANT  -s conftest.c -lm -lpng -lz  -L/usr/lib -Wl,-rpath,/usr/lib -lSDL -lpthread >&5
configure:9100: $? = 0
configure:9118: result: yes
configure:9038: checking for localtime
configure:9094: gcc -o conftest -O2 -Wall -I/usr/include/SDL -D_REENTRANT  -s conftest.c -lm -lpng -lz  -L/usr/lib -Wl,-rpath,/usr/lib -lSDL -lpthread >&5
configure:9100: $? = 0
configure:9118: result: yes
configure:9038: checking for memmove
configure:9094: gcc -o conftest -O2 -Wall -I/usr/include/SDL -D_REENTRANT  -s conftest.c -lm -lpng -lz  -L/usr/lib -Wl,-rpath,/usr/lib -lSDL -lpthread >&5
configure:9100: $? = 0
configure:9118: result: yes
configure:9038: checking for memset
configure:9094: gcc -o conftest -O2 -Wall -I/usr/include/SDL -D_REENTRANT  -s conftest.c -lm -lpng -lz  -L/usr/lib -Wl,-rpath,/usr/lib -lSDL -lpthread >&5
conftest.c:81: warning: conflicting types for built-in function `memset'
configure:9100: $? = 0
configure:9118: result: yes
configure:9038: checking for mkdir
configure:9094: gcc -o conftest -O2 -Wall -I/usr/include/SDL -D_REENTRANT  -s conftest.c -lm -lpng -lz  -L/usr/lib -Wl,-rpath,/usr/lib -lSDL -lpthread >&5
configure:9100: $? = 0
configure:9118: result: yes
configure:9038: checking for mkstemp
configure:9094: gcc -o conftest -O2 -Wall -I/usr/include/SDL -D_REENTRANT  -s conftest.c -lm -lpng -lz  -L/usr/lib -Wl,-rpath,/usr/lib -lSDL -lpthread >&5
configure:9100: $? = 0
configure:9118: result: yes
configure:9038: checking for mktemp
configure:9094: gcc -o conftest -O2 -Wall -I/usr/include/SDL -D_REENTRANT  -s conftest.c -lm -lpng -lz  -L/usr/lib -Wl,-rpath,/usr/lib -lSDL -lpthread >&5
/tmp/ccuVRx09.o(.text+0xa): In function `main':
: the use of `mktemp' is dangerous, better use `mkstemp'
configure:9100: $? = 0
configure:9118: result: yes
configure:9140: checking for modf
configure:9196: gcc -o conftest -O2 -Wall -I/usr/include/SDL -D_REENTRANT  -s conftest.c -lm -lpng -lz  -L/usr/lib -Wl,-rpath,/usr/lib -lSDL -lpthread >&5
configure:9202: $? = 0
configure:9220: result: yes
configure:9140: checking for nanosleep
configure:9196: gcc -o conftest -O2 -Wall -I/usr/include/SDL -D_REENTRANT  -s conftest.c -lm -lpng -lz  -L/usr/lib -Wl,-rpath,/usr/lib -lSDL -lpthread >&5
configure:9202: $? = 0
configure:9220: result: yes
configure:9140: checking for opendir
configure:9196: gcc -o conftest -O2 -Wall -I/usr/include/SDL -D_REENTRANT  -s conftest.c -lm -lpng -lz  -L/usr/lib -Wl,-rpath,/usr/lib -lSDL -lpthread >&5
configure:9202: $? = 0
configure:9220: result: yes
configure:9140: checking for rename
configure:9196: gcc -o conftest -O2 -Wall -I/usr/include/SDL -D_REENTRANT  -s conftest.c -lm -lpng -lz  -L/usr/lib -Wl,-rpath,/usr/lib -lSDL -lpthread >&5
configure:9202: $? = 0
configure:9220: result: yes
configure:9140: checking for rewind
configure:9196: gcc -o conftest -O2 -Wall -I/usr/include/SDL -D_REENTRANT  -s conftest.c -lm -lpng -lz  -L/usr/lib -Wl,-rpath,/usr/lib -lSDL -lpthread >&5
configure:9202: $? = 0
configure:9220: result: yes
configure:9140: checking for rmdir
configure:9196: gcc -o conftest -O2 -Wall -I/usr/include/SDL -D_REENTRANT  -s conftest.c -lm -lpng -lz  -L/usr/lib -Wl,-rpath,/usr/lib -lSDL -lpthread >&5
configure:9202: $? = 0
configure:9220: result: yes
configure:9140: checking for select
configure:9196: gcc -o conftest -O2 -Wall -I/usr/include/SDL -D_REENTRANT  -s conftest.c -lm -lpng -lz  -L/usr/lib -Wl,-rpath,/usr/lib -lSDL -lpthread >&5
configure:9202: $? = 0
configure:9220: result: yes
configure:9140: checking for signal
configure:9196: gcc -o conftest -O2 -Wall -I/usr/include/SDL -D_REENTRANT  -s conftest.c -lm -lpng -lz  -L/usr/lib -Wl,-rpath,/usr/lib -lSDL -lpthread >&5
configure:9202: $? = 0
configure:9220: result: yes
configure:9140: checking for snprintf
configure:9196: gcc -o conftest -O2 -Wall -I/usr/include/SDL -D_REENTRANT  -s conftest.c -lm -lpng -lz  -L/usr/lib -Wl,-rpath,/usr/lib -lSDL -lpthread >&5
configure:9202: $? = 0
configure:9220: result: yes
configure:9240: checking for stat
configure:9296: gcc -o conftest -O2 -Wall -I/usr/include/SDL -D_REENTRANT  -s conftest.c -lm -lpng -lz  -L/usr/lib -Wl,-rpath,/usr/lib -lSDL -lpthread >&5
configure:9302: $? = 0
configure:9320: result: yes
configure:9240: checking for strcasecmp
configure:9296: gcc -o conftest -O2 -Wall -I/usr/include/SDL -D_REENTRANT  -s conftest.c -lm -lpng -lz  -L/usr/lib -Wl,-rpath,/usr/lib -lSDL -lpthread >&5
configure:9302: $? = 0
configure:9320: result: yes
configure:9240: checking for strchr
configure:9296: gcc -o conftest -O2 -Wall -I/usr/include/SDL -D_REENTRANT  -s conftest.c -lm -lpng -lz  -L/usr/lib -Wl,-rpath,/usr/lib -lSDL -lpthread >&5
conftest.c:96: warning: conflicting types for built-in function `strchr'
configure:9302: $? = 0
configure:9320: result: yes
configure:9240: checking for strdup
configure:9296: gcc -o conftest -O2 -Wall -I/usr/include/SDL -D_REENTRANT  -s conftest.c -lm -lpng -lz  -L/usr/lib -Wl,-rpath,/usr/lib -lSDL -lpthread >&5
configure:9302: $? = 0
configure:9320: result: yes
configure:9240: checking for strerror
configure:9296: gcc -o conftest -O2 -Wall -I/usr/include/SDL -D_REENTRANT  -s conftest.c -lm -lpng -lz  -L/usr/lib -Wl,-rpath,/usr/lib -lSDL -lpthread >&5
configure:9302: $? = 0
configure:9320: result: yes
configure:9240: checking for strrchr
configure:9296: gcc -o conftest -O2 -Wall -I/usr/include/SDL -D_REENTRANT  -s conftest.c -lm -lpng -lz  -L/usr/lib -Wl,-rpath,/usr/lib -lSDL -lpthread >&5
conftest.c:99: warning: conflicting types for built-in function `strrchr'
configure:9302: $? = 0
configure:9320: result: yes
configure:9240: checking for strstr
configure:9296: gcc -o conftest -O2 -Wall -I/usr/include/SDL -D_REENTRANT  -s conftest.c -lm -lpng -lz  -L/usr/lib -Wl,-rpath,/usr/lib -lSDL -lpthread >&5
conftest.c:100: warning: conflicting types for built-in function `strstr'
configure:9302: $? = 0
configure:9320: result: yes
configure:9342: checking for strtol
configure:9398: gcc -o conftest -O2 -Wall -I/usr/include/SDL -D_REENTRANT  -s conftest.c -lm -lpng -lz  -L/usr/lib -Wl,-rpath,/usr/lib -lSDL -lpthread >&5
configure:9404: $? = 0
configure:9422: result: yes
configure:9342: checking for system
configure:9398: gcc -o conftest -O2 -Wall -I/usr/include/SDL -D_REENTRANT  -s conftest.c -lm -lpng -lz  -L/usr/lib -Wl,-rpath,/usr/lib -lSDL -lpthread >&5
configure:9404: $? = 0
configure:9422: result: yes
configure:9342: checking for time
configure:9398: gcc -o conftest -O2 -Wall -I/usr/include/SDL -D_REENTRANT  -s conftest.c -lm -lpng -lz  -L/usr/lib -Wl,-rpath,/usr/lib -lSDL -lpthread >&5
configure:9404: $? = 0
configure:9422: result: yes
configure:9342: checking for tmpfile
configure:9398: gcc -o conftest -O2 -Wall -I/usr/include/SDL -D_REENTRANT  -s conftest.c -lm -lpng -lz  -L/usr/lib -Wl,-rpath,/usr/lib -lSDL -lpthread >&5
configure:9404: $? = 0
configure:9422: result: yes
configure:9342: checking for tmpnam
configure:9398: gcc -o conftest -O2 -Wall -I/usr/include/SDL -D_REENTRANT  -s conftest.c -lm -lpng -lz  -L/usr/lib -Wl,-rpath,/usr/lib -lSDL -lpthread >&5
/tmp/cc48QfdC.o(.text+0xa): In function `main':
: the use of `tmpnam' is dangerous, better use `mkstemp'
configure:9404: $? = 0
configure:9422: result: yes
configure:9342: checking for uclock
configure:9398: gcc -o conftest -O2 -Wall -I/usr/include/SDL -D_REENTRANT  -s conftest.c -lm -lpng -lz  -L/usr/lib -Wl,-rpath,/usr/lib -lSDL -lpthread >&5
/tmp/ccAMQClX.o(.text+0xa): In function `main':
: undefined reference to `uclock'
collect2: ld returned 1 exit status
configure:9404: $? = 1
configure: failed program was:
| /* confdefs.h.  */
| #define PACKAGE_NAME "Atari800"
| #define PACKAGE_TARNAME "atari800"
| #define PACKAGE_VERSION "2.0.3"
| #define PACKAGE_STRING "Atari800 2.0.3"
| #define PACKAGE_BUGREPORT "pstehlik@sophics.cz"
| #define HAVE_DIRENT_H 1
| #define STDC_HEADERS 1
| #define TIME_WITH_SYS_TIME 1
| #define HAVE_SYS_TYPES_H 1
| #define HAVE_SYS_STAT_H 1
| #define HAVE_STDLIB_H 1
| #define HAVE_STRING_H 1
| #define HAVE_MEMORY_H 1
| #define HAVE_STRINGS_H 1
| #define HAVE_INTTYPES_H 1
| #define HAVE_STDINT_H 1
| #define HAVE_UNISTD_H 1
| #define HAVE_ERRNO_H 1
| #define HAVE_SIGNAL_H 1
| #define HAVE_SYS_TIME_H 1
| #define HAVE_TIME_H 1
| #define HAVE_UNISTD_H 1
| #define HAVE_FCNTL_H 1
| #define HAVE_SYS_IOCTL_H 1
| #define HAVE_SYS_SOUNDCARD_H 1
| #define HAVE_ARPA_INET_H 1
| #define HAVE_NETDB_H 1
| #define HAVE_NETINET_IN_H 1
| #define HAVE_SYS_SOCKET_H 1
| #define HAVE_TERMIOS_H 1
| #define HAVE_LIBZ 1
| #define HAVE_LIBPNG 1
| #define SDL 1
| #define SUPPORTS_ATARI_CONFIGURE 1
| #define SUPPORTS_ATARI_CONFIGSAVE 1
| #define RETSIGTYPE void
| #define WORDS_UNALIGNED_OK 1
| #define HAVE_SYS_SELECT_H 1
| #define HAVE_SYS_SOCKET_H 1
| #define SELECT_TYPE_ARG1 int
| #define SELECT_TYPE_ARG234 (fd_set *)
| #define SELECT_TYPE_ARG5 (struct timeval *)
| #define LSTAT_FOLLOWS_SLASHED_SYMLINK 1
| #define HAVE_VPRINTF 1
| #define HAVE_ATEXIT 1
| #define HAVE_CHMOD 1
| #define HAVE_CLOCK 1
| #define HAVE_FDOPEN 1
| #define HAVE_FFLUSH 1
| #define HAVE_FLOOR 1
| #define HAVE_FSTAT 1
| #define HAVE_GETCWD 1
| #define HAVE_GETTIMEOFDAY 1
| #define HAVE_LOCALTIME 1
| #define HAVE_MEMMOVE 1
| #define HAVE_MEMSET 1
| #define HAVE_MKDIR 1
| #define HAVE_MKSTEMP 1
| #define HAVE_MKTEMP 1
| #define HAVE_MODF 1
| #define HAVE_NANOSLEEP 1
| #define HAVE_OPENDIR 1
| #define HAVE_RENAME 1
| #define HAVE_REWIND 1
| #define HAVE_RMDIR 1
| #define HAVE_SELECT 1
| #define HAVE_SIGNAL 1
| #define HAVE_SNPRINTF 1
| #define HAVE_STAT 1
| #define HAVE_STRCASECMP 1
| #define HAVE_STRCHR 1
| #define HAVE_STRDUP 1
| #define HAVE_STRERROR 1
| #define HAVE_STRRCHR 1
| #define HAVE_STRSTR 1
| #define HAVE_STRTOL 1
| #define HAVE_SYSTEM 1
| #define HAVE_TIME 1
| #define HAVE_TMPFILE 1
| #define HAVE_TMPNAM 1
| /* end confdefs.h.  */
| /* Define uclock to an innocuous variant, in case <limits.h> declares uclock.
|    For example, HP-UX 11i <limits.h> declares gettimeofday.  */
| #define uclock innocuous_uclock
| 
| /* System header to define __stub macros and hopefully few prototypes,
|     which can conflict with char uclock (); below.
|     Prefer <limits.h> to <assert.h> if __STDC__ is defined, since
|     <limits.h> exists even on freestanding compilers.  */
| 
| #ifdef __STDC__
| # include <limits.h>
| #else
| # include <assert.h>
| #endif
| 
| #undef uclock
| 
| /* Override any GCC internal prototype to avoid an error.
|    Use char because int might match the return type of a GCC
|    builtin and then its argument prototype would still apply.  */
| #ifdef __cplusplus
| extern "C"
| #endif
| char uclock ();
| /* The GNU C library defines this for functions which it implements
|     to always fail with ENOSYS.  Some functions are actually named
|     something starting with __ and the normal name is an alias.  */
| #if defined __stub_uclock || defined __stub___uclock
| choke me
| #endif
| 
| int
| main ()
| {
| return uclock ();
|   ;
|   return 0;
| }
configure:9422: result: no
configure:9342: checking for unlink
configure:9398: gcc -o conftest -O2 -Wall -I/usr/include/SDL -D_REENTRANT  -s conftest.c -lm -lpng -lz  -L/usr/lib -Wl,-rpath,/usr/lib -lSDL -lpthread >&5
configure:9404: $? = 0
configure:9422: result: yes
configure:9342: checking for usleep
configure:9398: gcc -o conftest -O2 -Wall -I/usr/include/SDL -D_REENTRANT  -s conftest.c -lm -lpng -lz  -L/usr/lib -Wl,-rpath,/usr/lib -lSDL -lpthread >&5
configure:9404: $? = 0
configure:9422: result: yes
configure:9342: checking for vsnprintf
configure:9398: gcc -o conftest -O2 -Wall -I/usr/include/SDL -D_REENTRANT  -s conftest.c -lm -lpng -lz  -L/usr/lib -Wl,-rpath,/usr/lib -lSDL -lpthread >&5
configure:9404: $? = 0
configure:9422: result: yes
configure:9439: checking for gethostbyaddr
configure:9495: gcc -o conftest -O2 -Wall -I/usr/include/SDL -D_REENTRANT  -s conftest.c -lm -lpng -lz  -L/usr/lib -Wl,-rpath,/usr/lib -lSDL -lpthread >&5
configure:9501: $? = 0
configure:9519: result: yes
configure:9439: checking for gethostbyname
configure:9495: gcc -o conftest -O2 -Wall -I/usr/include/SDL -D_REENTRANT  -s conftest.c -lm -lpng -lz  -L/usr/lib -Wl,-rpath,/usr/lib -lSDL -lpthread >&5
configure:9501: $? = 0
configure:9519: result: yes
configure:9439: checking for inet_ntoa
configure:9495: gcc -o conftest -O2 -Wall -I/usr/include/SDL -D_REENTRANT  -s conftest.c -lm -lpng -lz  -L/usr/lib -Wl,-rpath,/usr/lib -lSDL -lpthread >&5
configure:9501: $? = 0
configure:9519: result: yes
configure:9439: checking for socket
configure:9495: gcc -o conftest -O2 -Wall -I/usr/include/SDL -D_REENTRANT  -s conftest.c -lm -lpng -lz  -L/usr/lib -Wl,-rpath,/usr/lib -lSDL -lpthread >&5
configure:9501: $? = 0
configure:9519: result: yes
configure:10143: creating ./config.status

## ---------------------- ##
## Running config.status. ##
## ---------------------- ##

This file was extended by Atari800 config.status 2.0.3, which was
generated by GNU Autoconf 2.61.  Invocation command line was

  CONFIG_FILES    = 
  CONFIG_HEADERS  = 
  CONFIG_LINKS    = 
  CONFIG_COMMANDS = 
  $ ./config.status 

on galaga.zerostatus.com

config.status:605: creating Makefile
config.status:605: creating config.h

## ---------------- ##
## Cache variables. ##
## ---------------- ##

ac_cv_build=i686-pc-linux-gnu
ac_cv_c_bigendian=no
ac_cv_c_compiler_gnu=yes
ac_cv_c_const=yes
ac_cv_c_inline=inline
ac_cv_c_volatile=yes
ac_cv_env_CC_set=
ac_cv_env_CC_value=
ac_cv_env_CFLAGS_set=
ac_cv_env_CFLAGS_value=
ac_cv_env_CPPFLAGS_set=
ac_cv_env_CPPFLAGS_value=
ac_cv_env_CPP_set=
ac_cv_env_CPP_value=
ac_cv_env_LDFLAGS_set=
ac_cv_env_LDFLAGS_value=
ac_cv_env_LIBS_set=
ac_cv_env_LIBS_value=
ac_cv_env_XMKMF_set=
ac_cv_env_XMKMF_value=
ac_cv_env_build_alias_set=
ac_cv_env_build_alias_value=
ac_cv_env_host_alias_set=
ac_cv_env_host_alias_value=
ac_cv_env_target_alias_set=set
ac_cv_env_target_alias_value=sdl
ac_cv_func__doprnt=no
ac_cv_func_atexit=yes
ac_cv_func_chmod=yes
ac_cv_func_clock=yes
ac_cv_func_closedir_void=no
ac_cv_func_fdopen=yes
ac_cv_func_fflush=yes
ac_cv_func_floor=yes
ac_cv_func_fstat=yes
ac_cv_func_getcwd=yes
ac_cv_func_gethostbyaddr=yes
ac_cv_func_gethostbyname=yes
ac_cv_func_gettimeofday=yes
ac_cv_func_inet_ntoa=yes
ac_cv_func_localtime=yes
ac_cv_func_lstat_dereferences_slashed_symlink=yes
ac_cv_func_memcmp_working=yes
ac_cv_func_memmove=yes
ac_cv_func_memset=yes
ac_cv_func_mkdir=yes
ac_cv_func_mkstemp=yes
ac_cv_func_mktemp=yes
ac_cv_func_modf=yes
ac_cv_func_nanosleep=yes
ac_cv_func_opendir=yes
ac_cv_func_rename=yes
ac_cv_func_rewind=yes
ac_cv_func_rmdir=yes
ac_cv_func_select=yes
ac_cv_func_select_args='int,fd_set *,struct timeval *'
ac_cv_func_signal=yes
ac_cv_func_snprintf=yes
ac_cv_func_socket=yes
ac_cv_func_stat=yes
ac_cv_func_stat_empty_string_bug=no
ac_cv_func_strcasecmp=yes
ac_cv_func_strchr=yes
ac_cv_func_strdup=yes
ac_cv_func_strerror=yes
ac_cv_func_strrchr=yes
ac_cv_func_strstr=yes
ac_cv_func_strtol=yes
ac_cv_func_system=yes
ac_cv_func_time=yes
ac_cv_func_tmpfile=yes
ac_cv_func_tmpnam=yes
ac_cv_func_uclock=no
ac_cv_func_unlink=yes
ac_cv_func_usleep=yes
ac_cv_func_vprintf=yes
ac_cv_func_vsnprintf=yes
ac_cv_have_x='have_x=yes	ac_x_includes='\''/usr/X11R6/include'\''	ac_x_libraries='\''/usr/X11R6/lib'\'''
ac_cv_header_arpa_inet_h=yes
ac_cv_header_direct_h=no
ac_cv_header_dirent_dirent_h=yes
ac_cv_header_errno_h=yes
ac_cv_header_fcntl_h=yes
ac_cv_header_file_h=no
ac_cv_header_inttypes_h=yes
ac_cv_header_memory_h=yes
ac_cv_header_netdb_h=yes
ac_cv_header_netinet_in_h=yes
ac_cv_header_signal_h=yes
ac_cv_header_stdc=yes
ac_cv_header_stdint_h=yes
ac_cv_header_stdlib_h=yes
ac_cv_header_string_h=yes
ac_cv_header_strings_h=yes
ac_cv_header_sys_ioctl_h=yes
ac_cv_header_sys_select_h=yes
ac_cv_header_sys_socket_h=yes
ac_cv_header_sys_soundcard_h=yes
ac_cv_header_sys_stat_h=yes
ac_cv_header_sys_time_h=yes
ac_cv_header_sys_types_h=yes
ac_cv_header_termios_h=yes
ac_cv_header_time=yes
ac_cv_header_time_h=yes
ac_cv_header_unistd_h=yes
ac_cv_header_unixio_h=no
ac_cv_host=i686-pc-linux-gnu
ac_cv_lib_m_cos=yes
ac_cv_lib_ossaudio__oss_ioctl=no
ac_cv_lib_png_png_get_libpng_ver=yes
ac_cv_lib_z_gzopen=yes
ac_cv_objext=o
ac_cv_path_EGREP='/bin/grep -E'
ac_cv_path_GREP=/bin/grep
ac_cv_path_install='/usr/bin/install -c'
ac_cv_prog_CPP='gcc -E'
ac_cv_prog_ac_ct_CC=gcc
ac_cv_prog_cc_c89=
ac_cv_prog_cc_g=yes
ac_cv_prog_gcc_traditional=no
ac_cv_search_opendir='none required'
ac_cv_struct_tm=time.h
ac_cv_type_signal=void
ac_cv_type_size_t=yes

## ----------------- ##
## Output variables. ##
## ----------------- ##

CC='gcc'
CFLAGS='-O2 -Wall -I/usr/include/SDL -D_REENTRANT'
CPP='gcc -E'
CPPFLAGS=''
DEFS='-DHAVE_CONFIG_H'
ECHO_C=''
ECHO_N='-n'
ECHO_T=''
EGREP='/bin/grep -E'
EXEEXT=''
GREP='/bin/grep'
INSTALL_DATA='${INSTALL} -m 644'
INSTALL_PROGRAM='${INSTALL}'
INSTALL_SCRIPT='${INSTALL}'
LDFLAGS='-s'
LIBOBJS=''
LIBS='-lm -lpng -lz  -L/usr/lib -Wl,-rpath,/usr/lib -lSDL -lpthread'
LTLIBOBJS=''
OBJEXT='o'
OBJS='atari_sdl.o atari_ntsc.o input.o statesav.o ui_basic.o ui.o colours.o screen.o cycle_map.o pokeysnd.o mzpokeysnd.o remez.o sndsave.o'
PACKAGE_BUGREPORT='pstehlik@sophics.cz'
PACKAGE_NAME='Atari800'
PACKAGE_STRING='Atari800 2.0.3'
PACKAGE_TARNAME='atari800'
PACKAGE_VERSION='2.0.3'
PATH_SEPARATOR=':'
SHELL='/bin/sh'
XMKMF=''
ac_ct_CC='gcc'
bindir='${exec_prefix}/bin'
build='i686-pc-linux-gnu'
build_alias=''
build_cpu='i686'
build_os='linux-gnu'
build_vendor='pc'
datadir='${datarootdir}'
datarootdir='${prefix}/share'
docdir='${datarootdir}/doc/${PACKAGE_TARNAME}'
dvidir='${docdir}'
exec_prefix='${prefix}'
host='i686-pc-linux-gnu'
host_alias=''
host_cpu='i686'
host_os='linux-gnu'
host_vendor='pc'
htmldir='${docdir}'
includedir='${prefix}/include'
infodir='${datarootdir}/info'
libdir='${exec_prefix}/lib'
libexecdir='${exec_prefix}/libexec'
localedir='${datarootdir}/locale'
localstatedir='${prefix}/var'
mandir='${datarootdir}/man'
oldincludedir='/usr/include'
pdfdir='${docdir}'
prefix='/usr/local'
program_transform_name='s,x,x,'
psdir='${docdir}'
sbindir='${exec_prefix}/sbin'
sharedstatedir='${prefix}/com'
sysconfdir='${prefix}/etc'
target_alias='sdl'

## ----------- ##
## confdefs.h. ##
## ----------- ##

#define PACKAGE_NAME "Atari800"
#define PACKAGE_TARNAME "atari800"
#define PACKAGE_VERSION "2.0.3"
#define PACKAGE_STRING "Atari800 2.0.3"
#define PACKAGE_BUGREPORT "pstehlik@sophics.cz"
#define HAVE_DIRENT_H 1
#define STDC_HEADERS 1
#define TIME_WITH_SYS_TIME 1
#define HAVE_SYS_TYPES_H 1
#define HAVE_SYS_STAT_H 1
#define HAVE_STDLIB_H 1
#define HAVE_STRING_H 1
#define HAVE_MEMORY_H 1
#define HAVE_STRINGS_H 1
#define HAVE_INTTYPES_H 1
#define HAVE_STDINT_H 1
#define HAVE_UNISTD_H 1
#define HAVE_ERRNO_H 1
#define HAVE_SIGNAL_H 1
#define HAVE_SYS_TIME_H 1
#define HAVE_TIME_H 1
#define HAVE_UNISTD_H 1
#define HAVE_FCNTL_H 1
#define HAVE_SYS_IOCTL_H 1
#define HAVE_SYS_SOUNDCARD_H 1
#define HAVE_ARPA_INET_H 1
#define HAVE_NETDB_H 1
#define HAVE_NETINET_IN_H 1
#define HAVE_SYS_SOCKET_H 1
#define HAVE_TERMIOS_H 1
#define HAVE_LIBZ 1
#define HAVE_LIBPNG 1
#define SDL 1
#define SUPPORTS_ATARI_CONFIGURE 1
#define SUPPORTS_ATARI_CONFIGSAVE 1
#define RETSIGTYPE void
#define WORDS_UNALIGNED_OK 1
#define HAVE_SYS_SELECT_H 1
#define HAVE_SYS_SOCKET_H 1
#define SELECT_TYPE_ARG1 int
#define SELECT_TYPE_ARG234 (fd_set *)
#define SELECT_TYPE_ARG5 (struct timeval *)
#define LSTAT_FOLLOWS_SLASHED_SYMLINK 1
#define HAVE_VPRINTF 1
#define HAVE_ATEXIT 1
#define HAVE_CHMOD 1
#define HAVE_CLOCK 1
#define HAVE_FDOPEN 1
#define HAVE_FFLUSH 1
#define HAVE_FLOOR 1
#define HAVE_FSTAT 1
#define HAVE_GETCWD 1
#define HAVE_GETTIMEOFDAY 1
#define HAVE_LOCALTIME 1
#define HAVE_MEMMOVE 1
#define HAVE_MEMSET 1
#define HAVE_MKDIR 1
#define HAVE_MKSTEMP 1
#define HAVE_MKTEMP 1
#define HAVE_MODF 1
#define HAVE_NANOSLEEP 1
#define HAVE_OPENDIR 1
#define HAVE_RENAME 1
#define HAVE_REWIND 1
#define HAVE_RMDIR 1
#define HAVE_SELECT 1
#define HAVE_SIGNAL 1
#define HAVE_SNPRINTF 1
#define HAVE_STAT 1
#define HAVE_STRCASECMP 1
#define HAVE_STRCHR 1
#define HAVE_STRDUP 1
#define HAVE_STRERROR 1
#define HAVE_STRRCHR 1
#define HAVE_STRSTR 1
#define HAVE_STRTOL 1
#define HAVE_SYSTEM 1
#define HAVE_TIME 1
#define HAVE_TMPFILE 1
#define HAVE_TMPNAM 1
#define HAVE_UNLINK 1
#define HAVE_USLEEP 1
#define HAVE_VSNPRINTF 1
#define HAVE_GETHOSTBYADDR 1
#define HAVE_GETHOSTBYNAME 1
#define HAVE_INET_NTOA 1
#define HAVE_SOCKET 1
#define NEW_CYCLE_EXACT 1
#define CRASH_MENU 1
#define MONITOR_ASSEMBLER 1
#define MONITOR_BREAK 1
#define MONITOR_HINTS 1
#define SOUND 1
#define INTERPOLATE_SOUND 1
#define STEREO_SOUND 1
#define VOL_ONLY_SOUND 1
#define CONSOLE_SOUND 1

configure: exit 0
